<?xml version="1.0" encoding="UTF-8"?>
<testsuite name="Date selection in the Datepicker" tests="3" skipped="0" failures="1" errors="0" timestamp="2025-09-09T03:40:30" hostname="LEYDER" time="11.24">
  <properties/>
  <testcase name="Select day 15 of the current month" classname="Date selection in the Datepicker" time="4.993"/>
  <testcase name="Select day 10 of the next month" classname="Date selection in the Datepicker" time="3.318"/>
  <testcase name="Validate that manual input is not allowed" classname="Date selection in the Datepicker" time="2.917">
    <failure message="java.lang.AssertionError: The input field should remain empty&#10;Expected: &quot;&quot;&#10;     but: was &quot;12/25/2025&quot;" type="java.lang.AssertionError">java.lang.AssertionError: The input field should remain empty
Expected: &quot;&quot;
     but: was &quot;12/25/2025&quot;
	at org.hamcrest.MatcherAssert.assertThat(MatcherAssert.java:20)
	at co.sqasa.StepDef.TestStepDefinition.validateInputFieldRemainsEmpty(TestStepDefinition.java:99)
	at ✽.the input field should remain empty(src/test/resources/features/test.feature:22)
</failure>
  </testcase>
  <system-out><![CDATA[    ?[32mGiven ?[0m?[32mI open the Datepicker page?[0m           ?[90m# TestStepDefinition.openDatepickerPage()?[0m
    ?[32mWhen ?[0m?[32mI select day ?[0m?[32m?[1m15?[0m?[32m of the current month?[0m  ?[90m# TestStepDefinition.selectDayOfCurrentMonth(int)?[0m
Date in input: 09/15/2025
    ?[32mThen ?[0m?[32mthe selected date should contain ?[0m?[32m?[1m15?[0m   ?[90m# TestStepDefinition.validateSelectedDate(int)?[0m
    ?[32mGiven ?[0m?[32mI open the Datepicker page?[0m         ?[90m# TestStepDefinition.openDatepickerPage()?[0m
    ?[32mWhen ?[0m?[32mI select day ?[0m?[32m?[1m10?[0m?[32m of the next month?[0m   ?[90m# TestStepDefinition.selectDayOfNextMonth(int)?[0m
Date in input: 10/10/2025
    ?[32mThen ?[0m?[32mthe selected date should contain ?[0m?[32m?[1m10?[0m ?[90m# TestStepDefinition.validateSelectedDate(int)?[0m
    ?[32mGiven ?[0m?[32mI open the Datepicker page?[0m                   ?[90m# TestStepDefinition.openDatepickerPage()?[0m
    ?[32mWhen ?[0m?[32mI try to enter the date "?[0m?[32m?[1m12/25/2025?[0m?[32m" manually?[0m ?[90m# TestStepDefinition.tryToEnterDateManually(String)?[0m
Value after manual input attempt: '12/25/2025'
    ?[31mThen ?[0m?[31mthe input field should remain empty?[0m           ?[90m# TestStepDefinition.validateInputFieldRemainsEmpty()?[0m
      ?[31mjava.lang.AssertionError: The input field should remain empty
Expected: ""
     but: was "12/25/2025"
	at org.hamcrest.MatcherAssert.assertThat(MatcherAssert.java:20)
	at co.sqasa.StepDef.TestStepDefinition.validateInputFieldRemainsEmpty(TestStepDefinition.java:99)
	at ?.the input field should remain empty(src/test/resources/features/test.feature:22)
?[0m
]]></system-out>
  <system-err><![CDATA[sept. 08, 2025 10:40:30 P. M. org.openqa.selenium.remote.DesiredCapabilities chrome
INFORMACIÓN: Using `new ChromeOptions()` is preferred to `DesiredCapabilities.chrome()`
Starting ChromeDriver 140.0.7339.80 (670b6f192f4668d2ac2c06bd77ec3e4eeda7d648-refs/branch-heads/7339_41@{#3}) on port 65210
Only local connections are allowed.
Please see https://chromedriver.chromium.org/security-considerations for suggestions on keeping ChromeDriver safe.
ChromeDriver was started successfully on port 65210.
sept. 08, 2025 10:40:32 P. M. org.openqa.selenium.remote.ProtocolHandshake createSession
INFORMACIÓN: Detected dialect: W3C
sept. 08, 2025 10:40:35 P. M. org.openqa.selenium.remote.DesiredCapabilities chrome
INFORMACIÓN: Using `new ChromeOptions()` is preferred to `DesiredCapabilities.chrome()`
Starting ChromeDriver 140.0.7339.80 (670b6f192f4668d2ac2c06bd77ec3e4eeda7d648-refs/branch-heads/7339_41@{#3}) on port 15720
Only local connections are allowed.
Please see https://chromedriver.chromium.org/security-considerations for suggestions on keeping ChromeDriver safe.
ChromeDriver was started successfully on port 15720.
sept. 08, 2025 10:40:35 P. M. org.openqa.selenium.remote.ProtocolHandshake createSession
INFORMACIÓN: Detected dialect: W3C
sept. 08, 2025 10:40:38 P. M. org.openqa.selenium.remote.DesiredCapabilities chrome
INFORMACIÓN: Using `new ChromeOptions()` is preferred to `DesiredCapabilities.chrome()`
Starting ChromeDriver 140.0.7339.80 (670b6f192f4668d2ac2c06bd77ec3e4eeda7d648-refs/branch-heads/7339_41@{#3}) on port 62443
Only local connections are allowed.
Please see https://chromedriver.chromium.org/security-considerations for suggestions on keeping ChromeDriver safe.
ChromeDriver was started successfully on port 62443.
sept. 08, 2025 10:40:39 P. M. org.openqa.selenium.remote.ProtocolHandshake createSession
INFORMACIÓN: Detected dialect: W3C
]]></system-err>
</testsuite>
